<?xml version="1.0" encoding="UTF-8"?>
<!-- Generated by org.testng.reporters.JUnitXMLReporter -->
<testsuite hostname="LAPTOP-G8T2QIRH" ignored="0" name="Test" tests="4" failures="0" timestamp="2022-09-22T22:02:30 IST" time="26.455" errors="0">
  <testcase name="verifyGmailLinkIsDisplayed" time="0.113" classname="frontline.app.mytestcases.MyGoogleTestCases"/>
  <testcase name="verifyGoogleImage" time="0.055" classname="frontline.app.mytestcases.MyGoogleTestCases"/>
  <testcase name="verifyTitle" time="0.008" classname="frontline.app.mytestcases.MyGoogleTestCases"/>
  <testcase name="readExcel" time="3.161" classname="frontline.app.mytestcases.ReadExcel"/>
</testsuite> <!-- Test -->
