<?xml version="1.0" encoding="UTF-8"?>
<testng-results skipped="0" failed="0" ignored="0" total="4" passed="4">
  <reporter-output>
  </reporter-output>
  <suite name="Suite" duration-ms="26455" started-at="2022-09-22T22:02:04 IST" finished-at="2022-09-22T22:02:30 IST">
    <groups>
    </groups>
    <test name="Test" duration-ms="26455" started-at="2022-09-22T22:02:04 IST" finished-at="2022-09-22T22:02:30 IST">
      <class name="frontline.app.mytestcases.MyGoogleTestCases">
        <test-method status="PASS" signature="launchBrowser()[pri:0, instance:frontline.app.mytestcases.MyGoogleTestCases@1f7030a6]" name="launchBrowser" is-config="true" duration-ms="22961" started-at="2022-09-22T22:02:04 IST" finished-at="2022-09-22T22:02:27 IST">
          <reporter-output>
          </reporter-output>
        </test-method> <!-- launchBrowser -->
        <test-method status="PASS" signature="verifyGmailLinkIsDisplayed()[pri:0, instance:frontline.app.mytestcases.MyGoogleTestCases@1f7030a6]" name="verifyGmailLinkIsDisplayed" duration-ms="113" started-at="2022-09-22T22:02:27 IST" finished-at="2022-09-22T22:02:27 IST">
          <reporter-output>
          </reporter-output>
        </test-method> <!-- verifyGmailLinkIsDisplayed -->
        <test-method status="PASS" signature="verifyGoogleImage()[pri:0, instance:frontline.app.mytestcases.MyGoogleTestCases@1f7030a6]" name="verifyGoogleImage" duration-ms="55" started-at="2022-09-22T22:02:27 IST" finished-at="2022-09-22T22:02:27 IST">
          <reporter-output>
          </reporter-output>
        </test-method> <!-- verifyGoogleImage -->
        <test-method status="PASS" signature="verifyTitle()[pri:0, instance:frontline.app.mytestcases.MyGoogleTestCases@1f7030a6]" name="verifyTitle" duration-ms="8" started-at="2022-09-22T22:02:27 IST" finished-at="2022-09-22T22:02:27 IST">
          <reporter-output>
          </reporter-output>
        </test-method> <!-- verifyTitle -->
      </class> <!-- frontline.app.mytestcases.MyGoogleTestCases -->
      <class name="frontline.app.mytestcases.ReadExcel">
        <test-method status="PASS" signature="readExcel()[pri:0, instance:frontline.app.mytestcases.ReadExcel@5a1c0542]" name="readExcel" duration-ms="3161" started-at="2022-09-22T22:02:27 IST" finished-at="2022-09-22T22:02:30 IST">
          <reporter-output>
          </reporter-output>
        </test-method> <!-- readExcel -->
      </class> <!-- frontline.app.mytestcases.ReadExcel -->
    </test> <!-- Test -->
  </suite> <!-- Suite -->
</testng-results>
